<?xml version="1.0" encoding="UTF-8"?>
<!-- Generated by org.testng.reporters.JUnitReportReporter -->
<testsuite skipped="0" hostname="Nexxo-Gunjan" name="automationFramework.SparkFoundationTest" tests="5" failures="0" timestamp="19 Jan 2021 17:32:23 GMT" time="10.888" errors="0">
  <testcase name="pageOne" time="1.197" classname="automationFramework.SparkFoundationTest"/>
  <testcase name="pageTwo" time="0.862" classname="automationFramework.SparkFoundationTest"/>
  <testcase name="pageThree" time="4.108" classname="automationFramework.SparkFoundationTest"/>
  <testcase name="pageFour" time="1.712" classname="automationFramework.SparkFoundationTest"/>
  <testcase name="pageFive" time="3.009" classname="automationFramework.SparkFoundationTest"/>
</testsuite> <!-- automationFramework.SparkFoundationTest -->
